In file included from /usr/local/include/igris/math/deg.h:1,
                 from /usr/local/include/igris/math.h:5,
                 from ./../ralgo/heimer2/axisctr.c:2:
/usr/local/include/igris/math/convertors.h: In function ‘axis_controller_command’:
/usr/local/include/igris/math/convertors.h:19:40: error: expected ‘=’, ‘,’, ‘;’, ‘asm’ or ‘__attribute__’ before ‘{’ token
   19 | static inline double deg2rad(double x) { return x * M_PI / 180.0; }
      |                                        ^
/usr/local/include/igris/math/convertors.h:20:40: error: expected ‘=’, ‘,’, ‘;’, ‘asm’ or ‘__attribute__’ before ‘{’ token
   20 | static inline double rad2deg(double x) { return x * 180.0 / M_PI; }
      |                                        ^
/usr/local/include/igris/math/convertors.h:21:39: error: expected ‘=’, ‘,’, ‘;’, ‘asm’ or ‘__attribute__’ before ‘{’ token
   21 | static inline float deg2radf(float x) { return x * M_PI / 180.0; }
      |                                       ^
/usr/local/include/igris/math/convertors.h:22:39: error: expected ‘=’, ‘,’, ‘;’, ‘asm’ or ‘__attribute__’ before ‘{’ token
   22 | static inline float rad2degf(float x) { return x * 180.0 / M_PI; }
      |                                       ^
/usr/local/include/igris/math/convertors.h:24:36: error: expected ‘=’, ‘,’, ‘;’, ‘asm’ or ‘__attribute__’ before ‘{’ token
   24 | static inline double deg(double x) { return x * M_PI / 180.0; }
      |                                    ^
/usr/local/include/igris/math/convertors.h:25:35: error: expected ‘=’, ‘,’, ‘;’, ‘asm’ or ‘__attribute__’ before ‘{’ token
   25 | static inline float degf(float x) { return x * M_PI / 180.0; }
      |                                   ^
In file included from ./.././ralgo/heimer2/axis_state.h:6,
                 from ./.././ralgo/heimer2/axisctr.h:4,
                 from ./../ralgo/heimer2/axisctr.c:1:
/usr/local/include/igris/util/bug.h:14:1: error: expected declaration specifiers before ‘__attribute__’
   14 | __NORETURN void bug_impl();
      | ^~~~~~~~~~
In file included from /usr/include/stdio.h:36,
                 from ./../ralgo/heimer2/axisctr.c:6:
/usr/lib/gcc/x86_64-linux-gnu/10/include/stdarg.h:40:27: error: storage class specified for parameter ‘__gnuc_va_list’
   40 | typedef __builtin_va_list __gnuc_va_list;
      |                           ^~~~~~~~~~~~~~
In file included from /usr/include/x86_64-linux-gnu/bits/types/__fpos_t.h:5,
                 from /usr/include/stdio.h:39,
                 from ./../ralgo/heimer2/axisctr.c:6:
/usr/include/x86_64-linux-gnu/bits/types/__mbstate_t.h:21:3: error: storage class specified for parameter ‘__mbstate_t’
   21 | } __mbstate_t;
      |   ^~~~~~~~~~~
In file included from /usr/include/stdio.h:39,
                 from ./../ralgo/heimer2/axisctr.c:6:
/usr/include/x86_64-linux-gnu/bits/types/__fpos_t.h:13:3: error: expected specifier-qualifier-list before ‘__mbstate_t’
   13 |   __mbstate_t __state;
      |   ^~~~~~~~~~~
/usr/include/x86_64-linux-gnu/bits/types/__fpos_t.h:14:3: error: storage class specified for parameter ‘__fpos_t’
   14 | } __fpos_t;
      |   ^~~~~~~~
In file included from /usr/include/stdio.h:40,
                 from ./../ralgo/heimer2/axisctr.c:6:
/usr/include/x86_64-linux-gnu/bits/types/__fpos64_t.h:13:3: error: expected specifier-qualifier-list before ‘__mbstate_t’
   13 |   __mbstate_t __state;
      |   ^~~~~~~~~~~
/usr/include/x86_64-linux-gnu/bits/types/__fpos64_t.h:14:3: error: storage class specified for parameter ‘__fpos64_t’
   14 | } __fpos64_t;
      |   ^~~~~~~~~~
In file included from /usr/include/stdio.h:41,
                 from ./../ralgo/heimer2/axisctr.c:6:
/usr/include/x86_64-linux-gnu/bits/types/__FILE.h:5:25: error: storage class specified for parameter ‘__FILE’
    5 | typedef struct _IO_FILE __FILE;
      |                         ^~~~~~
In file included from /usr/include/stdio.h:42,
                 from ./../ralgo/heimer2/axisctr.c:6:
/usr/include/x86_64-linux-gnu/bits/types/FILE.h:7:25: error: storage class specified for parameter ‘FILE’
    7 | typedef struct _IO_FILE FILE;
      |                         ^~~~
In file included from /usr/include/stdio.h:43,
                 from ./../ralgo/heimer2/axisctr.c:6:
/usr/include/x86_64-linux-gnu/bits/types/struct_FILE.h:43:14: error: storage class specified for parameter ‘_IO_lock_t’
   43 | typedef void _IO_lock_t;
      |              ^~~~~~~~~~
/usr/include/x86_64-linux-gnu/bits/types/struct_FILE.h:81:3: error: expected specifier-qualifier-list before ‘_IO_lock_t’
   81 |   _IO_lock_t *_lock;
      |   ^~~~~~~~~~
In file included from ./../ralgo/heimer2/axisctr.c:6:
/usr/include/stdio.h:84:18: error: expected ‘=’, ‘,’, ‘;’, ‘asm’ or ‘__attribute__’ before ‘fpos_t’
   84 | typedef __fpos_t fpos_t;
      |                  ^~~~~~
In file included from ./../ralgo/heimer2/axisctr.c:6:
/usr/include/stdio.h:137:13: error: expected ‘=’, ‘,’, ‘;’, ‘asm’ or ‘__attribute__’ before ‘*’ token
  137 | extern FILE *stdin;  /* Standard input stream.  */
      |             ^
/usr/include/stdio.h:138:13: error: expected ‘=’, ‘,’, ‘;’, ‘asm’ or ‘__attribute__’ before ‘*’ token
  138 | extern FILE *stdout;  /* Standard output stream.  */
      |             ^
/usr/include/stdio.h:139:13: error: expected ‘=’, ‘,’, ‘;’, ‘asm’ or ‘__attribute__’ before ‘*’ token
  139 | extern FILE *stderr;  /* Standard error output stream.  */
      |             ^
/usr/include/stdio.h:146:12: error: storage class specified for parameter ‘remove’
  146 | extern int remove (const char *__filename) __THROW;
      |            ^~~~~~
/usr/include/stdio.h:148:12: error: storage class specified for parameter ‘rename’
  148 | extern int rename (const char *__old, const char *__new) __THROW;
      |            ^~~~~~
/usr/include/stdio.h:173:13: error: expected ‘=’, ‘,’, ‘;’, ‘asm’ or ‘__attribute__’ before ‘*’ token
  173 | extern FILE *tmpfile (void) __wur;
      |             ^
/usr/include/stdio.h:187:14: error: storage class specified for parameter ‘tmpnam’
  187 | extern char *tmpnam (char *__s) __THROW __wur;
      |              ^~~~~~
/usr/include/stdio.h:213:20: error: expected declaration specifiers or ‘...’ before ‘FILE’
  213 | extern int fclose (FILE *__stream);
      |                    ^~~~
/usr/include/stdio.h:218:20: error: expected declaration specifiers or ‘...’ before ‘FILE’
  218 | extern int fflush (FILE *__stream);
      |                    ^~~~
/usr/include/stdio.h:246:13: error: expected ‘=’, ‘,’, ‘;’, ‘asm’ or ‘__attribute__’ before ‘*’ token
  246 | extern FILE *fopen (const char *__restrict __filename,
      |             ^
/usr/include/stdio.h:252:13: error: expected ‘=’, ‘,’, ‘;’, ‘asm’ or ‘__attribute__’ before ‘*’ token
  252 | extern FILE *freopen (const char *__restrict __filename,
      |             ^
/usr/include/stdio.h:304:21: error: expected declaration specifiers or ‘...’ before ‘FILE’
  304 | extern void setbuf (FILE *__restrict __stream, char *__restrict __buf) __THROW;
      |                     ^~~~
/usr/include/stdio.h:308:21: error: expected declaration specifiers or ‘...’ before ‘FILE’
  308 | extern int setvbuf (FILE *__restrict __stream, char *__restrict __buf,
      |                     ^~~~
/usr/include/stdio.h:326:21: error: expected declaration specifiers or ‘...’ before ‘FILE’
  326 | extern int fprintf (FILE *__restrict __stream,
      |                     ^~~~
/usr/include/stdio.h:332:12: error: storage class specified for parameter ‘printf’
  332 | extern int printf (const char *__restrict __format, ...);
      |            ^~~~~~
/usr/include/stdio.h:334:12: error: storage class specified for parameter ‘sprintf’
  334 | extern int sprintf (char *__restrict __s,
      |            ^~~~~~~
/usr/include/stdio.h:341:22: error: expected declaration specifiers or ‘...’ before ‘FILE’
  341 | extern int vfprintf (FILE *__restrict __s, const char *__restrict __format,
      |                      ^~~~
/usr/include/stdio.h:342:8: error: expected declaration specifiers or ‘...’ before ‘__gnuc_va_list’
  342 |        __gnuc_va_list __arg);
      |        ^~~~~~~~~~~~~~
/usr/include/stdio.h:347:54: error: expected declaration specifiers or ‘...’ before ‘__gnuc_va_list’
  347 | extern int vprintf (const char *__restrict __format, __gnuc_va_list __arg);
      |                                                      ^~~~~~~~~~~~~~
/usr/include/stdio.h:350:8: error: expected declaration specifiers or ‘...’ before ‘__gnuc_va_list’
  350 |        __gnuc_va_list __arg) __THROWNL;
      |        ^~~~~~~~~~~~~~
/usr/include/stdio.h:354:12: error: storage class specified for parameter ‘snprintf’
  354 | extern int snprintf (char *__restrict __s, size_t __maxlen,
      |            ^~~~~~~~
/usr/include/stdio.h:359:42: error: expected declaration specifiers or ‘...’ before ‘__gnuc_va_list’
  359 |         const char *__restrict __format, __gnuc_va_list __arg)
      |                                          ^~~~~~~~~~~~~~
/usr/include/stdio.h:391:20: error: expected declaration specifiers or ‘...’ before ‘FILE’
  391 | extern int fscanf (FILE *__restrict __stream,
      |                    ^~~~
/usr/include/stdio.h:397:12: error: storage class specified for parameter ‘scanf’
  397 | extern int scanf (const char *__restrict __format, ...) __wur;
      |            ^~~~~
/usr/include/stdio.h:399:12: error: storage class specified for parameter ‘sscanf’
  399 | extern int sscanf (const char *__restrict __s,
      |            ^~~~~~
In file included from /usr/include/features.h:461,
                 from /usr/include/x86_64-linux-gnu/bits/libc-header-start.h:33,
                 from /usr/include/stdint.h:26,
                 from /usr/lib/gcc/x86_64-linux-gnu/10/include/stdint.h:9,
                 from ./.././ralgo/heimer2/axis_state.h:4,
                 from ./.././ralgo/heimer2/axisctr.h:4,
                 from ./../ralgo/heimer2/axisctr.c:1:
/usr/include/stdio.h:407:12: error: expected declaration specifiers or ‘...’ before ‘FILE’
  407 | extern int __REDIRECT (fscanf, (FILE *__restrict __stream,
      |            ^~~~~~~~~~
/usr/include/stdio.h:410:12: error: storage class specified for parameter ‘scanf’
  410 | extern int __REDIRECT (scanf, (const char *__restrict __format, ...),
      |            ^~~~~~~~~~
/usr/include/stdio.h:410:12: error: redefinition of parameter ‘scanf’
In file included from ./../ralgo/heimer2/axisctr.c:6:
/usr/include/stdio.h:397:12: note: previous definition of ‘scanf’ was here
  397 | extern int scanf (const char *__restrict __format, ...) __wur;
      |            ^~~~~
In file included from /usr/include/features.h:461,
                 from /usr/include/x86_64-linux-gnu/bits/libc-header-start.h:33,
                 from /usr/include/stdint.h:26,
                 from /usr/lib/gcc/x86_64-linux-gnu/10/include/stdint.h:9,
                 from ./.././ralgo/heimer2/axis_state.h:4,
                 from ./.././ralgo/heimer2/axisctr.h:4,
                 from ./../ralgo/heimer2/axisctr.c:1:
/usr/include/stdio.h:412:12: error: storage class specified for parameter ‘sscanf’
  412 | extern int __REDIRECT_NTH (sscanf, (const char *__restrict __s,
      |            ^~~~~~~~~~~~~~
/usr/include/stdio.h:412:12: error: redefinition of parameter ‘sscanf’
In file included from ./../ralgo/heimer2/axisctr.c:6:
/usr/include/stdio.h:399:12: note: previous definition of ‘sscanf’ was here
  399 | extern int sscanf (const char *__restrict __s,
      |            ^~~~~~
/usr/include/stdio.h:432:21: error: expected declaration specifiers or ‘...’ before ‘FILE’
  432 | extern int vfscanf (FILE *__restrict __s, const char *__restrict __format,
      |                     ^~~~
/usr/include/stdio.h:433:7: error: expected declaration specifiers or ‘...’ before ‘__gnuc_va_list’
  433 |       __gnuc_va_list __arg)
      |       ^~~~~~~~~~~~~~
/usr/include/stdio.h:440:53: error: expected declaration specifiers or ‘...’ before ‘__gnuc_va_list’
  440 | extern int vscanf (const char *__restrict __format, __gnuc_va_list __arg)
      |                                                     ^~~~~~~~~~~~~~
/usr/include/stdio.h:445:40: error: expected declaration specifiers or ‘...’ before ‘__gnuc_va_list’
  445 |       const char *__restrict __format, __gnuc_va_list __arg)
      |                                        ^~~~~~~~~~~~~~
In file included from /usr/include/features.h:461,
                 from /usr/include/x86_64-linux-gnu/bits/libc-header-start.h:33,
                 from /usr/include/stdint.h:26,
                 from /usr/lib/gcc/x86_64-linux-gnu/10/include/stdint.h:9,
                 from ./.././ralgo/heimer2/axis_state.h:4,
                 from ./.././ralgo/heimer2/axisctr.h:4,
                 from ./../ralgo/heimer2/axisctr.c:1:
/usr/include/stdio.h:451:12: error: expected declaration specifiers or ‘...’ before ‘FILE’
  451 | extern int __REDIRECT (vfscanf,
      |            ^~~~~~~~~~
/usr/include/stdio.h:451:12: error: expected declaration specifiers or ‘...’ before ‘__gnuc_va_list’
  451 | extern int __REDIRECT (vfscanf,
      |            ^~~~~~~~~~
/usr/include/stdio.h:456:12: error: expected declaration specifiers or ‘...’ before ‘__gnuc_va_list’
  456 | extern int __REDIRECT (vscanf, (const char *__restrict __format,
      |            ^~~~~~~~~~
/usr/include/stdio.h:459:12: error: expected declaration specifiers or ‘...’ before ‘__gnuc_va_list’
  459 | extern int __REDIRECT_NTH (vsscanf,
      |            ^~~~~~~~~~~~~~
In file included from ./../ralgo/heimer2/axisctr.c:6:
/usr/include/stdio.h:485:19: error: expected declaration specifiers or ‘...’ before ‘FILE’
  485 | extern int fgetc (FILE *__stream);
      |                   ^~~~
/usr/include/stdio.h:486:18: error: expected declaration specifiers or ‘...’ before ‘FILE’
  486 | extern int getc (FILE *__stream);
      |                  ^~~~
/usr/include/stdio.h:492:12: error: storage class specified for parameter ‘getchar’
  492 | extern int getchar (void);
      |            ^~~~~~~
/usr/include/stdio.h:521:28: error: expected declaration specifiers or ‘...’ before ‘FILE’
  521 | extern int fputc (int __c, FILE *__stream);
      |                            ^~~~
/usr/include/stdio.h:522:27: error: expected declaration specifiers or ‘...’ before ‘FILE’
  522 | extern int putc (int __c, FILE *__stream);
      |                           ^~~~
/usr/include/stdio.h:528:12: error: storage class specified for parameter ‘putchar’
  528 | extern int putchar (int __c);
      |            ^~~~~~~
/usr/include/stdio.h:564:52: error: expected declaration specifiers or ‘...’ before ‘FILE’
  564 | extern char *fgets (char *__restrict __s, int __n, FILE *__restrict __stream)
      |                                                    ^~~~
/usr/include/stdio.h:626:47: error: expected declaration specifiers or ‘...’ before ‘FILE’
  626 | extern int fputs (const char *__restrict __s, FILE *__restrict __stream);
      |                                               ^~~~
/usr/include/stdio.h:632:12: error: storage class specified for parameter ‘puts’
  632 | extern int puts (const char *__s);
      |            ^~~~
/usr/include/stdio.h:639:29: error: expected declaration specifiers or ‘...’ before ‘FILE’
  639 | extern int ungetc (int __c, FILE *__stream);
      |                             ^~~~
/usr/include/stdio.h:647:20: error: expected declaration specifiers or ‘...’ before ‘FILE’
  647 |        size_t __n, FILE *__restrict __stream) __wur;
      |                    ^~~~
/usr/include/stdio.h:653:21: error: expected declaration specifiers or ‘...’ before ‘FILE’
  653 |         size_t __n, FILE *__restrict __s);
      |                     ^~~~
/usr/include/stdio.h:684:19: error: expected declaration specifiers or ‘...’ before ‘FILE’
  684 | extern int fseek (FILE *__stream, long int __off, int __whence);
      |                   ^~~~
/usr/include/stdio.h:689:24: error: expected declaration specifiers or ‘...’ before ‘FILE’
  689 | extern long int ftell (FILE *__stream) __wur;
      |                        ^~~~
/usr/include/stdio.h:694:21: error: expected declaration specifiers or ‘...’ before ‘FILE’
  694 | extern void rewind (FILE *__stream);
      |                     ^~~~
/usr/include/stdio.h:731:21: error: expected declaration specifiers or ‘...’ before ‘FILE’
  731 | extern int fgetpos (FILE *__restrict __stream, fpos_t *__restrict __pos);
      |                     ^~~~
/usr/include/stdio.h:731:48: error: unknown type name ‘fpos_t’
  731 | extern int fgetpos (FILE *__restrict __stream, fpos_t *__restrict __pos);
      |                                                ^~~~~~
/usr/include/stdio.h:134:1: note: ‘fpos_t’ is defined in header ‘<stdio.h>’; did you forget to ‘#include <stdio.h>’?
  133 | #include <bits/stdio_lim.h>
  +++ |+#include <stdio.h>
  134 | 
/usr/include/stdio.h:736:21: error: expected declaration specifiers or ‘...’ before ‘FILE’
  736 | extern int fsetpos (FILE *__stream, const fpos_t *__pos);
      |                     ^~~~
/usr/include/stdio.h:736:43: error: unknown type name ‘fpos_t’
  736 | extern int fsetpos (FILE *__stream, const fpos_t *__pos);
      |                                           ^~~~~~
/usr/include/stdio.h:757:23: error: expected declaration specifiers or ‘...’ before ‘FILE’
  757 | extern void clearerr (FILE *__stream) __THROW;
      |                       ^~~~
/usr/include/stdio.h:759:18: error: expected declaration specifiers or ‘...’ before ‘FILE’
  759 | extern int feof (FILE *__stream) __THROW __wur;
      |                  ^~~~
/usr/include/stdio.h:761:20: error: expected declaration specifiers or ‘...’ before ‘FILE’
  761 | extern int ferror (FILE *__stream) __THROW __wur;
      |                    ^~~~
/usr/include/stdio.h:775:13: error: storage class specified for parameter ‘perror’
  775 | extern void perror (const char *__s);
      |             ^~~~~~
In file included from ./../ralgo/heimer2/axisctr.c:6:
/usr/include/stdio.h:858:21: error: expected declaration specifiers or ‘...’ before ‘FILE’
  858 | extern int __uflow (FILE *);
      |                     ^~~~
/usr/include/stdio.h:859:24: error: expected declaration specifiers or ‘...’ before ‘FILE’
  859 | extern int __overflow (FILE *, int);
      |                        ^~~~
In file included from ./../ralgo/heimer2/axisctr.c:7:
/usr/include/stdlib.h:62:5: error: storage class specified for parameter ‘div_t’
   62 |   } div_t;
      |     ^~~~~
/usr/include/stdlib.h:70:5: error: storage class specified for parameter ‘ldiv_t’
   70 |   } ldiv_t;
      |     ^~~~~~
/usr/include/stdlib.h:76:1: error: expected declaration specifiers before ‘__extension__’
   76 | __extension__ typedef struct
      | ^~~~~~~~~~~~~
/usr/include/stdlib.h:80:5: error: expected declaration specifiers before ‘lldiv_t’
   80 |   } lldiv_t;
      |     ^~~~~~~
/usr/include/stdlib.h:97:15: error: storage class specified for parameter ‘__ctype_get_mb_cur_max’
   97 | extern size_t __ctype_get_mb_cur_max (void) __THROW __wur;
      |               ^~~~~~~~~~~~~~~~~~~~~~
/usr/include/stdlib.h:101:15: error: storage class specified for parameter ‘atof’
  101 | extern double atof (const char *__nptr)
      |               ^~~~
/usr/include/stdlib.h:104:12: error: storage class specified for parameter ‘atoi’
  104 | extern int atoi (const char *__nptr)
      |            ^~~~
/usr/include/stdlib.h:107:17: error: storage class specified for parameter ‘atol’
  107 | extern long int atol (const char *__nptr)
      |                 ^~~~
/usr/include/stdlib.h:112:1: error: expected declaration specifiers before ‘__extension__’
  112 | __extension__ extern long long int atoll (const char *__nptr)
      | ^~~~~~~~~~~~~
/usr/include/stdlib.h:117:15: error: storage class specified for parameter ‘strtod’
  117 | extern double strtod (const char *__restrict __nptr,
      |               ^~~~~~
/usr/include/stdlib.h:123:14: error: storage class specified for parameter ‘strtof’
  123 | extern float strtof (const char *__restrict __nptr,
      |              ^~~~~~
/usr/include/stdlib.h:126:20: error: storage class specified for parameter ‘strtold’
  126 | extern long double strtold (const char *__restrict __nptr,
      |                    ^~~~~~~
/usr/include/stdlib.h:176:17: error: storage class specified for parameter ‘strtol’
  176 | extern long int strtol (const char *__restrict __nptr,
      |                 ^~~~~~
/usr/include/stdlib.h:180:26: error: storage class specified for parameter ‘strtoul’
  180 | extern unsigned long int strtoul (const char *__restrict __nptr,
      |                          ^~~~~~~
/usr/include/stdlib.h:199:1: error: expected declaration specifiers before ‘__extension__’
  199 | __extension__
      | ^~~~~~~~~~~~~
/usr/include/stdlib.h:204:1: error: expected declaration specifiers before ‘__extension__’
  204 | __extension__
      | ^~~~~~~~~~~~~
/usr/include/stdlib.h:453:12: error: storage class specified for parameter ‘rand’
  453 | extern int rand (void) __THROW;
      |            ^~~~
/usr/include/stdlib.h:455:13: error: storage class specified for parameter ‘srand’
  455 | extern void srand (unsigned int __seed) __THROW;
      |             ^~~~~
/usr/include/stdlib.h:539:14: error: storage class specified for parameter ‘malloc’
  539 | extern void *malloc (size_t __size) __THROW __attribute_malloc__
      |              ^~~~~~
/usr/include/stdlib.h:542:14: error: storage class specified for parameter ‘calloc’
  542 | extern void *calloc (size_t __nmemb, size_t __size)
      |              ^~~~~~
/usr/include/stdlib.h:550:14: error: storage class specified for parameter ‘realloc’
  550 | extern void *realloc (void *__ptr, size_t __size)
      |              ^~~~~~~
/usr/include/stdlib.h:565:13: error: storage class specified for parameter ‘free’
  565 | extern void free (void *__ptr) __THROW;
      |             ^~~~
/usr/include/stdlib.h:586:14: error: storage class specified for parameter ‘aligned_alloc’
  586 | extern void *aligned_alloc (size_t __alignment, size_t __size)
      |              ^~~~~~~~~~~~~
/usr/include/stdlib.h:591:13: error: storage class specified for parameter ‘abort’
  591 | extern void abort (void) __THROW __attribute__ ((__noreturn__));
      |             ^~~~~
/usr/include/stdlib.h:595:12: error: storage class specified for parameter ‘atexit’
  595 | extern int atexit (void (*__func) (void)) __THROW __nonnull ((1));
      |            ^~~~~~
/usr/include/stdlib.h:603:12: error: storage class specified for parameter ‘at_quick_exit’
  603 | extern int at_quick_exit (void (*__func) (void)) __THROW __nonnull ((1));
      |            ^~~~~~~~~~~~~
/usr/include/stdlib.h:617:13: error: storage class specified for parameter ‘exit’
  617 | extern void exit (int __status) __THROW __attribute__ ((__noreturn__));
      |             ^~~~
/usr/include/stdlib.h:623:13: error: storage class specified for parameter ‘quick_exit’
  623 | extern void quick_exit (int __status) __THROW __attribute__ ((__noreturn__));
      |             ^~~~~~~~~~
/usr/include/stdlib.h:629:13: error: storage class specified for parameter ‘_Exit’
  629 | extern void _Exit (int __status) __THROW __attribute__ ((__noreturn__));
      |             ^~~~~
/usr/include/stdlib.h:634:14: error: storage class specified for parameter ‘getenv’
  634 | extern char *getenv (const char *__name) __THROW __nonnull ((1)) __wur;
      |              ^~~~~~
/usr/include/stdlib.h:784:12: error: storage class specified for parameter ‘system’
  784 | extern int system (const char *__command) __wur;
      |            ^~~~~~
/usr/include/stdlib.h:808:15: error: storage class specified for parameter ‘__compar_fn_t’
  808 | typedef int (*__compar_fn_t) (const void *, const void *);
      |               ^~~~~~~~~~~~~
/usr/include/stdlib.h:821:40: error: expected declaration specifiers or ‘...’ before ‘__compar_fn_t’
  821 |         size_t __nmemb, size_t __size, __compar_fn_t __compar)
      |                                        ^~~~~~~~~~~~~
/usr/include/stdlib.h:831:6: error: expected declaration specifiers or ‘...’ before ‘__compar_fn_t’
  831 |      __compar_fn_t __compar) __nonnull ((1, 4));
      |      ^~~~~~~~~~~~~
/usr/include/stdlib.h:840:12: error: storage class specified for parameter ‘abs’
  840 | extern int abs (int __x) __THROW __attribute__ ((__const__)) __wur;
      |            ^~~
/usr/include/stdlib.h:841:17: error: storage class specified for parameter ‘labs’
  841 | extern long int labs (long int __x) __THROW __attribute__ ((__const__)) __wur;
      |                 ^~~~
/usr/include/stdlib.h:844:1: error: expected declaration specifiers before ‘__extension__’
  844 | __extension__ extern long long int llabs (long long int __x)
      | ^~~~~~~~~~~~~
/usr/include/stdlib.h:852:14: error: expected ‘=’, ‘,’, ‘;’, ‘asm’ or ‘__attribute__’ before ‘div’
  852 | extern div_t div (int __numer, int __denom)
      |              ^~~
/usr/include/stdlib.h:854:15: error: expected ‘=’, ‘,’, ‘;’, ‘asm’ or ‘__attribute__’ before ‘ldiv’
  854 | extern ldiv_t ldiv (long int __numer, long int __denom)
      |               ^~~~
/usr/include/stdlib.h:858:1: error: expected declaration specifiers before ‘__extension__’
  858 | __extension__ extern lldiv_t lldiv (long long int __numer,
      | ^~~~~~~~~~~~~
/usr/include/stdlib.h:922:12: error: storage class specified for parameter ‘mblen’
  922 | extern int mblen (const char *__s, size_t __n) __THROW;
      |            ^~~~~
/usr/include/stdlib.h:925:12: error: storage class specified for parameter ‘mbtowc’
  925 | extern int mbtowc (wchar_t *__restrict __pwc,
      |            ^~~~~~
/usr/include/stdlib.h:929:12: error: storage class specified for parameter ‘wctomb’
  929 | extern int wctomb (char *__s, wchar_t __wchar) __THROW;
      |            ^~~~~~
/usr/include/stdlib.h:933:15: error: storage class specified for parameter ‘mbstowcs’
  933 | extern size_t mbstowcs (wchar_t *__restrict  __pwcs,
      |               ^~~~~~~~
/usr/include/stdlib.h:936:15: error: storage class specified for parameter ‘wcstombs’
  936 | extern size_t wcstombs (char *__restrict __s,
      |               ^~~~~~~~
./../ralgo/heimer2/axisctr.c:15:1: error: expected ‘=’, ‘,’, ‘;’, ‘asm’ or ‘__attribute__’ before ‘{’ token
   15 | {
      | ^
./../ralgo/heimer2/axisctr.c:22:1: error: expected ‘=’, ‘,’, ‘;’, ‘asm’ or ‘__attribute__’ before ‘{’ token
   22 | {
      | ^
./../ralgo/heimer2/axisctr.c:27:1: error: expected ‘=’, ‘,’, ‘;’, ‘asm’ or ‘__attribute__’ before ‘{’ token
   27 | {
      | ^
./../ralgo/heimer2/axisctr.c:33:1: error: expected ‘=’, ‘,’, ‘;’, ‘asm’ or ‘__attribute__’ before ‘{’ token
   33 | {
      | ^
./../ralgo/heimer2/axisctr.c:38:1: error: expected ‘=’, ‘,’, ‘;’, ‘asm’ or ‘__attribute__’ before ‘{’ token
   38 | {
      | ^
./../ralgo/heimer2/axisctr.c:43:1: error: expected ‘=’, ‘,’, ‘;’, ‘asm’ or ‘__attribute__’ before ‘{’ token
   43 | {
      | ^
./../ralgo/heimer2/axisctr.c:49:1: error: expected ‘=’, ‘,’, ‘;’, ‘asm’ or ‘__attribute__’ before ‘{’ token
   49 | {
      | ^
./../ralgo/heimer2/axisctr.c:55:1: error: expected ‘=’, ‘,’, ‘;’, ‘asm’ or ‘__attribute__’ before ‘{’ token
   55 | {
      | ^
./../ralgo/heimer2/axisctr.c:61:1: error: expected ‘=’, ‘,’, ‘;’, ‘asm’ or ‘__attribute__’ before ‘{’ token
   61 | {
      | ^
./../ralgo/heimer2/axisctr.c:68:1: error: expected ‘=’, ‘,’, ‘;’, ‘asm’ or ‘__attribute__’ before ‘{’ token
   68 | {
      | ^
./../ralgo/heimer2/axisctr.c:76:1: error: expected ‘=’, ‘,’, ‘;’, ‘asm’ or ‘__attribute__’ before ‘{’ token
   76 | {
      | ^
./../ralgo/heimer2/axisctr.c:81:1: error: expected ‘=’, ‘,’, ‘;’, ‘asm’ or ‘__attribute__’ before ‘{’ token
   81 | {
      | ^
./../ralgo/heimer2/axisctr.c:108:1: error: expected ‘=’, ‘,’, ‘;’, ‘asm’ or ‘__attribute__’ before ‘{’ token
  108 | {
      | ^
./../ralgo/heimer2/axisctr.c:140:1: error: expected ‘=’, ‘,’, ‘;’, ‘asm’ or ‘__attribute__’ before ‘{’ token
  140 | {
      | ^
./../ralgo/heimer2/axisctr.c:154:1: error: expected ‘=’, ‘,’, ‘;’, ‘asm’ or ‘__attribute__’ before ‘{’ token
  154 | {
      | ^
./../ralgo/heimer2/axisctr.c:166:1: error: expected ‘=’, ‘,’, ‘;’, ‘asm’ or ‘__attribute__’ before ‘{’ token
  166 | {
      | ^
./../ralgo/heimer2/axisctr.c:171:1: error: expected ‘=’, ‘,’, ‘;’, ‘asm’ or ‘__attribute__’ before ‘{’ token
  171 | {
      | ^
./../ralgo/heimer2/axisctr.c:176:1: error: expected ‘=’, ‘,’, ‘;’, ‘asm’ or ‘__attribute__’ before ‘{’ token
  176 | {
      | ^
./../ralgo/heimer2/axisctr.c:183:1: error: expected ‘=’, ‘,’, ‘;’, ‘asm’ or ‘__attribute__’ before ‘{’ token
  183 | {
      | ^
./../ralgo/heimer2/axisctr.c:192:1: error: expected ‘=’, ‘,’, ‘;’, ‘asm’ or ‘__attribute__’ before ‘{’ token
  192 | {
      | ^
./../ralgo/heimer2/axisctr.c:210:1: error: expected ‘=’, ‘,’, ‘;’, ‘asm’ or ‘__attribute__’ before ‘{’ token
  210 | {
      | ^
./../ralgo/heimer2/axisctr.c:215:14: error: parameter ‘axisctr_ops’ is initialized
  215 | const struct signal_processor_operations axisctr_ops =
      |              ^~~~~~~~~~~~~~~~~~~~~~~~~~~
./../ralgo/heimer2/axisctr.c:217:14: error: ‘axis_controller_feedback’ undeclared (first use in this function); did you mean ‘axis_controller_set_gain’?
  217 |  .feedback = axis_controller_feedback,
      |              ^~~~~~~~~~~~~~~~~~~~~~~~
      |              axis_controller_set_gain
./../ralgo/heimer2/axisctr.c:217:14: note: each undeclared identifier is reported only once for each function it appears in
./../ralgo/heimer2/axisctr.c:219:13: warning: initialization of ‘void (*)(struct signal_processor *, int,  char **, char *, int)’ from incompatible pointer type ‘int (*)()’ [-Wincompatible-pointer-types]
  219 |  .command = axis_controller_command,
      |             ^~~~~~~~~~~~~~~~~~~~~~~
./../ralgo/heimer2/axisctr.c:219:13: note: (near initialization for ‘axisctr_ops.command’)
./../ralgo/heimer2/axisctr.c:224:1: error: expected ‘=’, ‘,’, ‘;’, ‘asm’ or ‘__attribute__’ before ‘{’ token
  224 | {
      | ^
./../ralgo/heimer2/axisctr.c:215:42: error: declaration for parameter ‘axisctr_ops’ but no such parameter
  215 | const struct signal_processor_operations axisctr_ops =
      |                                          ^~~~~~~~~~~
In file included from ./../ralgo/heimer2/axisctr.c:7:
/usr/include/stdlib.h:936:15: error: declaration for parameter ‘wcstombs’ but no such parameter
  936 | extern size_t wcstombs (char *__restrict __s,
      |               ^~~~~~~~
/usr/include/stdlib.h:933:15: error: declaration for parameter ‘mbstowcs’ but no such parameter
  933 | extern size_t mbstowcs (wchar_t *__restrict  __pwcs,
      |               ^~~~~~~~
/usr/include/stdlib.h:929:12: error: declaration for parameter ‘wctomb’ but no such parameter
  929 | extern int wctomb (char *__s, wchar_t __wchar) __THROW;
      |            ^~~~~~
/usr/include/stdlib.h:925:12: error: declaration for parameter ‘mbtowc’ but no such parameter
  925 | extern int mbtowc (wchar_t *__restrict __pwc,
      |            ^~~~~~
/usr/include/stdlib.h:922:12: error: declaration for parameter ‘mblen’ but no such parameter
  922 | extern int mblen (const char *__s, size_t __n) __THROW;
      |            ^~~~~
/usr/include/stdlib.h:841:17: error: declaration for parameter ‘labs’ but no such parameter
  841 | extern long int labs (long int __x) __THROW __attribute__ ((__const__)) __wur;
      |                 ^~~~
/usr/include/stdlib.h:840:12: error: declaration for parameter ‘abs’ but no such parameter
  840 | extern int abs (int __x) __THROW __attribute__ ((__const__)) __wur;
      |            ^~~
/usr/include/stdlib.h:808:15: error: declaration for parameter ‘__compar_fn_t’ but no such parameter
  808 | typedef int (*__compar_fn_t) (const void *, const void *);
      |               ^~~~~~~~~~~~~
/usr/include/stdlib.h:784:12: error: declaration for parameter ‘system’ but no such parameter
  784 | extern int system (const char *__command) __wur;
      |            ^~~~~~
/usr/include/stdlib.h:634:14: error: declaration for parameter ‘getenv’ but no such parameter
  634 | extern char *getenv (const char *__name) __THROW __nonnull ((1)) __wur;
      |              ^~~~~~
/usr/include/stdlib.h:629:13: error: declaration for parameter ‘_Exit’ but no such parameter
  629 | extern void _Exit (int __status) __THROW __attribute__ ((__noreturn__));
      |             ^~~~~
/usr/include/stdlib.h:623:13: error: declaration for parameter ‘quick_exit’ but no such parameter
  623 | extern void quick_exit (int __status) __THROW __attribute__ ((__noreturn__));
      |             ^~~~~~~~~~
/usr/include/stdlib.h:617:13: error: declaration for parameter ‘exit’ but no such parameter
  617 | extern void exit (int __status) __THROW __attribute__ ((__noreturn__));
      |             ^~~~
/usr/include/stdlib.h:603:12: error: declaration for parameter ‘at_quick_exit’ but no such parameter
  603 | extern int at_quick_exit (void (*__func) (void)) __THROW __nonnull ((1));
      |            ^~~~~~~~~~~~~
/usr/include/stdlib.h:595:12: error: declaration for parameter ‘atexit’ but no such parameter
  595 | extern int atexit (void (*__func) (void)) __THROW __nonnull ((1));
      |            ^~~~~~
/usr/include/stdlib.h:591:13: error: declaration for parameter ‘abort’ but no such parameter
  591 | extern void abort (void) __THROW __attribute__ ((__noreturn__));
      |             ^~~~~
/usr/include/stdlib.h:586:14: error: declaration for parameter ‘aligned_alloc’ but no such parameter
  586 | extern void *aligned_alloc (size_t __alignment, size_t __size)
      |              ^~~~~~~~~~~~~
/usr/include/stdlib.h:565:13: error: declaration for parameter ‘free’ but no such parameter
  565 | extern void free (void *__ptr) __THROW;
      |             ^~~~
/usr/include/stdlib.h:550:14: error: declaration for parameter ‘realloc’ but no such parameter
  550 | extern void *realloc (void *__ptr, size_t __size)
      |              ^~~~~~~
/usr/include/stdlib.h:542:14: error: declaration for parameter ‘calloc’ but no such parameter
  542 | extern void *calloc (size_t __nmemb, size_t __size)
      |              ^~~~~~
/usr/include/stdlib.h:539:14: error: declaration for parameter ‘malloc’ but no such parameter
  539 | extern void *malloc (size_t __size) __THROW __attribute_malloc__
      |              ^~~~~~
/usr/include/stdlib.h:455:13: error: declaration for parameter ‘srand’ but no such parameter
  455 | extern void srand (unsigned int __seed) __THROW;
      |             ^~~~~
/usr/include/stdlib.h:453:12: error: declaration for parameter ‘rand’ but no such parameter
  453 | extern int rand (void) __THROW;
      |            ^~~~
/usr/include/stdlib.h:180:26: error: declaration for parameter ‘strtoul’ but no such parameter
  180 | extern unsigned long int strtoul (const char *__restrict __nptr,
      |                          ^~~~~~~
/usr/include/stdlib.h:176:17: error: declaration for parameter ‘strtol’ but no such parameter
  176 | extern long int strtol (const char *__restrict __nptr,
      |                 ^~~~~~
/usr/include/stdlib.h:126:20: error: declaration for parameter ‘strtold’ but no such parameter
  126 | extern long double strtold (const char *__restrict __nptr,
      |                    ^~~~~~~
/usr/include/stdlib.h:123:14: error: declaration for parameter ‘strtof’ but no such parameter
  123 | extern float strtof (const char *__restrict __nptr,
      |              ^~~~~~
/usr/include/stdlib.h:117:15: error: declaration for parameter ‘strtod’ but no such parameter
  117 | extern double strtod (const char *__restrict __nptr,
      |               ^~~~~~
/usr/include/stdlib.h:107:17: error: declaration for parameter ‘atol’ but no such parameter
  107 | extern long int atol (const char *__nptr)
      |                 ^~~~
/usr/include/stdlib.h:104:12: error: declaration for parameter ‘atoi’ but no such parameter
  104 | extern int atoi (const char *__nptr)
      |            ^~~~
/usr/include/stdlib.h:101:15: error: declaration for parameter ‘atof’ but no such parameter
  101 | extern double atof (const char *__nptr)
      |               ^~~~
/usr/include/stdlib.h:97:15: error: declaration for parameter ‘__ctype_get_mb_cur_max’ but no such parameter
   97 | extern size_t __ctype_get_mb_cur_max (void) __THROW __wur;
      |               ^~~~~~~~~~~~~~~~~~~~~~
/usr/include/stdlib.h:70:5: error: declaration for parameter ‘ldiv_t’ but no such parameter
   70 |   } ldiv_t;
      |     ^~~~~~
/usr/include/stdlib.h:62:5: error: declaration for parameter ‘div_t’ but no such parameter
   62 |   } div_t;
      |     ^~~~~
In file included from ./../ralgo/heimer2/axisctr.c:6:
/usr/include/stdio.h:775:13: error: declaration for parameter ‘perror’ but no such parameter
  775 | extern void perror (const char *__s);
      |             ^~~~~~
/usr/include/stdio.h:632:12: error: declaration for parameter ‘puts’ but no such parameter
  632 | extern int puts (const char *__s);
      |            ^~~~
/usr/include/stdio.h:528:12: error: declaration for parameter ‘putchar’ but no such parameter
  528 | extern int putchar (int __c);
      |            ^~~~~~~
/usr/include/stdio.h:492:12: error: declaration for parameter ‘getchar’ but no such parameter
  492 | extern int getchar (void);
      |            ^~~~~~~
In file included from /usr/include/features.h:461,
                 from /usr/include/x86_64-linux-gnu/bits/libc-header-start.h:33,
                 from /usr/include/stdint.h:26,
                 from /usr/lib/gcc/x86_64-linux-gnu/10/include/stdint.h:9,
                 from ./.././ralgo/heimer2/axis_state.h:4,
                 from ./.././ralgo/heimer2/axisctr.h:4,
                 from ./../ralgo/heimer2/axisctr.c:1:
/usr/include/stdio.h:412:12: error: declaration for parameter ‘sscanf’ but no such parameter
  412 | extern int __REDIRECT_NTH (sscanf, (const char *__restrict __s,
      |            ^~~~~~~~~~~~~~
/usr/include/stdio.h:410:12: error: declaration for parameter ‘scanf’ but no such parameter
  410 | extern int __REDIRECT (scanf, (const char *__restrict __format, ...),
      |            ^~~~~~~~~~
In file included from ./../ralgo/heimer2/axisctr.c:6:
/usr/include/stdio.h:399:12: error: declaration for parameter ‘sscanf’ but no such parameter
  399 | extern int sscanf (const char *__restrict __s,
      |            ^~~~~~
/usr/include/stdio.h:397:12: error: declaration for parameter ‘scanf’ but no such parameter
  397 | extern int scanf (const char *__restrict __format, ...) __wur;
      |            ^~~~~
/usr/include/stdio.h:354:12: error: declaration for parameter ‘snprintf’ but no such parameter
  354 | extern int snprintf (char *__restrict __s, size_t __maxlen,
      |            ^~~~~~~~
/usr/include/stdio.h:334:12: error: declaration for parameter ‘sprintf’ but no such parameter
  334 | extern int sprintf (char *__restrict __s,
      |            ^~~~~~~
/usr/include/stdio.h:332:12: error: declaration for parameter ‘printf’ but no such parameter
  332 | extern int printf (const char *__restrict __format, ...);
      |            ^~~~~~
/usr/include/stdio.h:187:14: error: declaration for parameter ‘tmpnam’ but no such parameter
  187 | extern char *tmpnam (char *__s) __THROW __wur;
      |              ^~~~~~
/usr/include/stdio.h:148:12: error: declaration for parameter ‘rename’ but no such parameter
  148 | extern int rename (const char *__old, const char *__new) __THROW;
      |            ^~~~~~
/usr/include/stdio.h:146:12: error: declaration for parameter ‘remove’ but no such parameter
  146 | extern int remove (const char *__filename) __THROW;
      |            ^~~~~~
In file included from /usr/include/stdio.h:43,
                 from ./../ralgo/heimer2/axisctr.c:6:
/usr/include/x86_64-linux-gnu/bits/types/struct_FILE.h:43:14: error: parameter ‘_IO_lock_t’ has incomplete type
   43 | typedef void _IO_lock_t;
      |              ^~~~~~~~~~
/usr/include/x86_64-linux-gnu/bits/types/struct_FILE.h:43:14: error: declaration for parameter ‘_IO_lock_t’ but no such parameter
In file included from /usr/include/stdio.h:42,
                 from ./../ralgo/heimer2/axisctr.c:6:
/usr/include/x86_64-linux-gnu/bits/types/FILE.h:7:25: error: declaration for parameter ‘FILE’ but no such parameter
    7 | typedef struct _IO_FILE FILE;
      |                         ^~~~
In file included from /usr/include/stdio.h:41,
                 from ./../ralgo/heimer2/axisctr.c:6:
/usr/include/x86_64-linux-gnu/bits/types/__FILE.h:5:25: error: declaration for parameter ‘__FILE’ but no such parameter
    5 | typedef struct _IO_FILE __FILE;
      |                         ^~~~~~
In file included from /usr/include/stdio.h:40,
                 from ./../ralgo/heimer2/axisctr.c:6:
/usr/include/x86_64-linux-gnu/bits/types/__fpos64_t.h:14:3: error: declaration for parameter ‘__fpos64_t’ but no such parameter
   14 | } __fpos64_t;
      |   ^~~~~~~~~~
In file included from /usr/include/stdio.h:39,
                 from ./../ralgo/heimer2/axisctr.c:6:
/usr/include/x86_64-linux-gnu/bits/types/__fpos_t.h:14:3: error: declaration for parameter ‘__fpos_t’ but no such parameter
   14 | } __fpos_t;
      |   ^~~~~~~~
In file included from /usr/include/x86_64-linux-gnu/bits/types/__fpos_t.h:5,
                 from /usr/include/stdio.h:39,
                 from ./../ralgo/heimer2/axisctr.c:6:
/usr/include/x86_64-linux-gnu/bits/types/__mbstate_t.h:21:3: error: declaration for parameter ‘__mbstate_t’ but no such parameter
   21 | } __mbstate_t;
      |   ^~~~~~~~~~~
In file included from /usr/include/stdio.h:36,
                 from ./../ralgo/heimer2/axisctr.c:6:
/usr/lib/gcc/x86_64-linux-gnu/10/include/stdarg.h:40:27: error: declaration for parameter ‘__gnuc_va_list’ but no such parameter
   40 | typedef __builtin_va_list __gnuc_va_list;
      |                           ^~~~~~~~~~~~~~
In file included from /usr/local/include/igris/util/bug.h:10,
                 from ./../ralgo/heimer2/axisctr.c:3:
/usr/local/include/igris/util/location.h:21:6: error: declaration for parameter ‘debug_print_location’ but no such parameter
   21 | void debug_print_location(struct location location);
      |      ^~~~~~~~~~~~~~~~~~~~
./../ralgo/heimer2/axisctr.c:250: error: expected ‘{’ at end of input
  250 | }
      | 
